{"/Users/yuki.a.endo/workspace/private/LearnJest/src/VueCounter/index.js": {"path":"/Users/yuki.a.endo/workspace/private/LearnJest/src/VueCounter/index.js","statementMap":{"0":{"start":{"line":9,"column":4},"end":{"line":11,"column":6}},"1":{"start":{"line":15,"column":6},"end":{"line":15,"column":19}}},"fnMap":{"0":{"name":"(anonymous_0)","decl":{"start":{"line":8,"column":2},"end":{"line":8,"column":3}},"loc":{"start":{"line":8,"column":9},"end":{"line":12,"column":3}},"line":8},"1":{"name":"(anonymous_1)","decl":{"start":{"line":14,"column":4},"end":{"line":14,"column":5}},"loc":{"start":{"line":14,"column":16},"end":{"line":16,"column":5}},"line":14}},"branchMap":{},"s":{"0":1,"1":1},"f":{"0":1,"1":1},"b":{},"_coverageSchema":"43e27e138ebf9cfc5966b082cf9a028302ed4184","hash":"e05725be47ad46ed546066514c4b87a02c6ce537"}
,"/Users/yuki.a.endo/workspace/private/LearnJest/src/sum/index.js": {"path":"/Users/yuki.a.endo/workspace/private/LearnJest/src/sum/index.js","statementMap":{"0":{"start":{"line":2,"column":2},"end":{"line":2,"column":15}},"1":{"start":{"line":5,"column":0},"end":{"line":5,"column":21}}},"fnMap":{"0":{"name":"sum","decl":{"start":{"line":1,"column":9},"end":{"line":1,"column":12}},"loc":{"start":{"line":1,"column":19},"end":{"line":3,"column":1}},"line":1}},"branchMap":{},"s":{"0":1,"1":1},"f":{"0":1},"b":{},"_coverageSchema":"43e27e138ebf9cfc5966b082cf9a028302ed4184","hash":"f16f083730361ebb846d20fa9c831a88188c432b"}
}
